{"/home/serk72/workspace/discord-wordle-bot/src/WordleBotClient.js": {"path":"/home/serk72/workspace/discord-wordle-bot/src/WordleBotClient.js","statementMap":{"0":{"start":{"line":1,"column":15},"end":{"line":1,"column":32}},"1":{"start":{"line":2,"column":21},"end":{"line":2,"column":49}},"2":{"start":{"line":3,"column":16},"end":{"line":3,"column":39}},"3":{"start":{"line":6,"column":24},"end":{"line":6,"column":52}},"4":{"start":{"line":7,"column":26},"end":{"line":7,"column":62}},"5":{"start":{"line":8,"column":21},"end":{"line":8,"column":55}},"6":{"start":{"line":21,"column":4},"end":{"line":21,"column":47}},"7":{"start":{"line":22,"column":4},"end":{"line":22,"column":43}},"8":{"start":{"line":23,"column":4},"end":{"line":23,"column":40}},"9":{"start":{"line":24,"column":4},"end":{"line":24,"column":41}},"10":{"start":{"line":25,"column":4},"end":{"line":25,"column":41}},"11":{"start":{"line":26,"column":4},"end":{"line":26,"column":41}},"12":{"start":{"line":34,"column":23},"end":{"line":34,"column":82}},"13":{"start":{"line":35,"column":21},"end":{"line":35,"column":23}},"14":{"start":{"line":36,"column":4},"end":{"line":39,"column":5}},"15":{"start":{"line":37,"column":6},"end":{"line":37,"column":56}},"16":{"start":{"line":37,"column":36},"end":{"line":37,"column":54}},"17":{"start":{"line":38,"column":6},"end":{"line":38,"column":102}},"18":{"start":{"line":40,"column":4},"end":{"line":55,"column":8}},"19":{"start":{"line":41,"column":20},"end":{"line":41,"column":57}},"20":{"start":{"line":42,"column":6},"end":{"line":54,"column":7}},"21":{"start":{"line":43,"column":23},"end":{"line":43,"column":31}},"22":{"start":{"line":44,"column":26},"end":{"line":44,"column":65}},"23":{"start":{"line":45,"column":29},"end":{"line":45,"column":83}},"24":{"start":{"line":47,"column":8},"end":{"line":49,"column":9}},"25":{"start":{"line":48,"column":10},"end":{"line":48,"column":89}},"26":{"start":{"line":51,"column":8},"end":{"line":53,"column":9}},"27":{"start":{"line":52,"column":10},"end":{"line":52,"column":138}},"28":{"start":{"line":62,"column":18},"end":{"line":62,"column":55}},"29":{"start":{"line":63,"column":19},"end":{"line":63,"column":27}},"30":{"start":{"line":64,"column":22},"end":{"line":64,"column":61}},"31":{"start":{"line":65,"column":25},"end":{"line":65,"column":79}},"32":{"start":{"line":67,"column":4},"end":{"line":69,"column":5}},"33":{"start":{"line":68,"column":6},"end":{"line":68,"column":85}},"34":{"start":{"line":71,"column":4},"end":{"line":73,"column":5}},"35":{"start":{"line":72,"column":6},"end":{"line":72,"column":134}},"36":{"start":{"line":75,"column":23},"end":{"line":75,"column":60}},"37":{"start":{"line":76,"column":24},"end":{"line":76,"column":64}},"38":{"start":{"line":77,"column":24},"end":{"line":77,"column":76}},"39":{"start":{"line":78,"column":22},"end":{"line":78,"column":83}},"40":{"start":{"line":78,"column":53},"end":{"line":78,"column":82}},"41":{"start":{"line":79,"column":4},"end":{"line":79,"column":27}},"42":{"start":{"line":80,"column":4},"end":{"line":86,"column":5}},"43":{"start":{"line":81,"column":6},"end":{"line":81,"column":42}},"44":{"start":{"line":82,"column":11},"end":{"line":86,"column":5}},"45":{"start":{"line":83,"column":6},"end":{"line":85,"column":7}},"46":{"start":{"line":84,"column":8},"end":{"line":84,"column":44}},"47":{"start":{"line":94,"column":4},"end":{"line":94,"column":31}},"48":{"start":{"line":95,"column":4},"end":{"line":95,"column":37}},"49":{"start":{"line":96,"column":4},"end":{"line":96,"column":37}},"50":{"start":{"line":97,"column":18},"end":{"line":97,"column":58}},"51":{"start":{"line":98,"column":4},"end":{"line":108,"column":5}},"52":{"start":{"line":99,"column":21},"end":{"line":99,"column":29}},"53":{"start":{"line":100,"column":24},"end":{"line":100,"column":63}},"54":{"start":{"line":101,"column":27},"end":{"line":101,"column":81}},"55":{"start":{"line":102,"column":6},"end":{"line":107,"column":7}},"56":{"start":{"line":103,"column":8},"end":{"line":103,"column":79}},"57":{"start":{"line":105,"column":8},"end":{"line":105,"column":46}},"58":{"start":{"line":106,"column":8},"end":{"line":106,"column":78}},"59":{"start":{"line":116,"column":4},"end":{"line":118,"column":5}},"60":{"start":{"line":117,"column":6},"end":{"line":117,"column":13}},"61":{"start":{"line":119,"column":4},"end":{"line":123,"column":5}},"62":{"start":{"line":120,"column":6},"end":{"line":120,"column":23}},"63":{"start":{"line":121,"column":6},"end":{"line":121,"column":42}},"64":{"start":{"line":122,"column":6},"end":{"line":122,"column":13}},"65":{"start":{"line":124,"column":4},"end":{"line":128,"column":5}},"66":{"start":{"line":125,"column":6},"end":{"line":125,"column":23}},"67":{"start":{"line":126,"column":6},"end":{"line":126,"column":42}},"68":{"start":{"line":127,"column":6},"end":{"line":127,"column":13}},"69":{"start":{"line":129,"column":4},"end":{"line":133,"column":5}},"70":{"start":{"line":130,"column":6},"end":{"line":130,"column":23}},"71":{"start":{"line":131,"column":6},"end":{"line":131,"column":42}},"72":{"start":{"line":132,"column":6},"end":{"line":132,"column":13}},"73":{"start":{"line":134,"column":18},"end":{"line":134,"column":55}},"74":{"start":{"line":135,"column":4},"end":{"line":137,"column":5}},"75":{"start":{"line":136,"column":6},"end":{"line":136,"column":41}},"76":{"start":{"line":141,"column":0},"end":{"line":141,"column":35}}},"fnMap":{"0":{"name":"(anonymous_0)","decl":{"start":{"line":20,"column":2},"end":{"line":20,"column":3}},"loc":{"start":{"line":20,"column":71},"end":{"line":27,"column":3}},"line":20},"1":{"name":"(anonymous_1)","decl":{"start":{"line":33,"column":2},"end":{"line":33,"column":3}},"loc":{"start":{"line":33,"column":27},"end":{"line":56,"column":3}},"line":33},"2":{"name":"(anonymous_2)","decl":{"start":{"line":37,"column":27},"end":{"line":37,"column":28}},"loc":{"start":{"line":37,"column":36},"end":{"line":37,"column":54}},"line":37},"3":{"name":"(anonymous_3)","decl":{"start":{"line":40,"column":36},"end":{"line":40,"column":37}},"loc":{"start":{"line":40,"column":55},"end":{"line":55,"column":5}},"line":40},"4":{"name":"(anonymous_4)","decl":{"start":{"line":61,"column":2},"end":{"line":61,"column":3}},"loc":{"start":{"line":61,"column":32},"end":{"line":87,"column":3}},"line":61},"5":{"name":"(anonymous_5)","decl":{"start":{"line":78,"column":41},"end":{"line":78,"column":42}},"loc":{"start":{"line":78,"column":53},"end":{"line":78,"column":82}},"line":78},"6":{"name":"(anonymous_6)","decl":{"start":{"line":93,"column":2},"end":{"line":93,"column":3}},"loc":{"start":{"line":93,"column":42},"end":{"line":109,"column":3}},"line":93},"7":{"name":"(anonymous_7)","decl":{"start":{"line":115,"column":2},"end":{"line":115,"column":3}},"loc":{"start":{"line":115,"column":32},"end":{"line":138,"column":3}},"line":115}},"branchMap":{"0":{"loc":{"start":{"line":42,"column":6},"end":{"line":54,"column":7}},"type":"if","locations":[{"start":{"line":42,"column":6},"end":{"line":54,"column":7}},{"start":{},"end":{}}],"line":42},"1":{"loc":{"start":{"line":42,"column":10},"end":{"line":42,"column":31}},"type":"binary-expr","locations":[{"start":{"line":42,"column":10},"end":{"line":42,"column":15}},{"start":{"line":42,"column":19},"end":{"line":42,"column":31}}],"line":42},"2":{"loc":{"start":{"line":47,"column":8},"end":{"line":49,"column":9}},"type":"if","locations":[{"start":{"line":47,"column":8},"end":{"line":49,"column":9}},{"start":{},"end":{}}],"line":47},"3":{"loc":{"start":{"line":51,"column":8},"end":{"line":53,"column":9}},"type":"if","locations":[{"start":{"line":51,"column":8},"end":{"line":53,"column":9}},{"start":{},"end":{}}],"line":51},"4":{"loc":{"start":{"line":67,"column":4},"end":{"line":69,"column":5}},"type":"if","locations":[{"start":{"line":67,"column":4},"end":{"line":69,"column":5}},{"start":{},"end":{}}],"line":67},"5":{"loc":{"start":{"line":71,"column":4},"end":{"line":73,"column":5}},"type":"if","locations":[{"start":{"line":71,"column":4},"end":{"line":73,"column":5}},{"start":{},"end":{}}],"line":71},"6":{"loc":{"start":{"line":80,"column":4},"end":{"line":86,"column":5}},"type":"if","locations":[{"start":{"line":80,"column":4},"end":{"line":86,"column":5}},{"start":{"line":82,"column":11},"end":{"line":86,"column":5}}],"line":80},"7":{"loc":{"start":{"line":82,"column":11},"end":{"line":86,"column":5}},"type":"if","locations":[{"start":{"line":82,"column":11},"end":{"line":86,"column":5}},{"start":{},"end":{}}],"line":82},"8":{"loc":{"start":{"line":83,"column":6},"end":{"line":85,"column":7}},"type":"if","locations":[{"start":{"line":83,"column":6},"end":{"line":85,"column":7}},{"start":{},"end":{}}],"line":83},"9":{"loc":{"start":{"line":98,"column":4},"end":{"line":108,"column":5}},"type":"if","locations":[{"start":{"line":98,"column":4},"end":{"line":108,"column":5}},{"start":{},"end":{}}],"line":98},"10":{"loc":{"start":{"line":98,"column":8},"end":{"line":98,"column":29}},"type":"binary-expr","locations":[{"start":{"line":98,"column":8},"end":{"line":98,"column":13}},{"start":{"line":98,"column":17},"end":{"line":98,"column":29}}],"line":98},"11":{"loc":{"start":{"line":102,"column":6},"end":{"line":107,"column":7}},"type":"if","locations":[{"start":{"line":102,"column":6},"end":{"line":107,"column":7}},{"start":{"line":104,"column":13},"end":{"line":107,"column":7}}],"line":102},"12":{"loc":{"start":{"line":116,"column":4},"end":{"line":118,"column":5}},"type":"if","locations":[{"start":{"line":116,"column":4},"end":{"line":118,"column":5}},{"start":{},"end":{}}],"line":116},"13":{"loc":{"start":{"line":119,"column":4},"end":{"line":123,"column":5}},"type":"if","locations":[{"start":{"line":119,"column":4},"end":{"line":123,"column":5}},{"start":{},"end":{}}],"line":119},"14":{"loc":{"start":{"line":119,"column":8},"end":{"line":119,"column":88}},"type":"binary-expr","locations":[{"start":{"line":119,"column":8},"end":{"line":119,"column":46}},{"start":{"line":119,"column":50},"end":{"line":119,"column":88}}],"line":119},"15":{"loc":{"start":{"line":124,"column":4},"end":{"line":128,"column":5}},"type":"if","locations":[{"start":{"line":124,"column":4},"end":{"line":128,"column":5}},{"start":{},"end":{}}],"line":124},"16":{"loc":{"start":{"line":124,"column":8},"end":{"line":124,"column":88}},"type":"binary-expr","locations":[{"start":{"line":124,"column":8},"end":{"line":124,"column":46}},{"start":{"line":124,"column":50},"end":{"line":124,"column":88}}],"line":124},"17":{"loc":{"start":{"line":129,"column":4},"end":{"line":133,"column":5}},"type":"if","locations":[{"start":{"line":129,"column":4},"end":{"line":133,"column":5}},{"start":{},"end":{}}],"line":129},"18":{"loc":{"start":{"line":129,"column":8},"end":{"line":129,"column":88}},"type":"binary-expr","locations":[{"start":{"line":129,"column":8},"end":{"line":129,"column":46}},{"start":{"line":129,"column":50},"end":{"line":129,"column":88}}],"line":129},"19":{"loc":{"start":{"line":135,"column":4},"end":{"line":137,"column":5}},"type":"if","locations":[{"start":{"line":135,"column":4},"end":{"line":137,"column":5}},{"start":{},"end":{}}],"line":135},"20":{"loc":{"start":{"line":135,"column":8},"end":{"line":135,"column":29}},"type":"binary-expr","locations":[{"start":{"line":135,"column":8},"end":{"line":135,"column":13}},{"start":{"line":135,"column":17},"end":{"line":135,"column":29}}],"line":135}},"s":{"0":1,"1":1,"2":1,"3":1,"4":1,"5":1,"6":1,"7":1,"8":1,"9":1,"10":1,"11":1,"12":0,"13":0,"14":0,"15":0,"16":0,"17":0,"18":0,"19":0,"20":0,"21":0,"22":0,"23":0,"24":0,"25":0,"26":0,"27":0,"28":2,"29":2,"30":2,"31":2,"32":2,"33":2,"34":2,"35":2,"36":2,"37":2,"38":2,"39":2,"40":0,"41":2,"42":2,"43":2,"44":0,"45":0,"46":0,"47":3,"48":3,"49":3,"50":3,"51":3,"52":2,"53":2,"54":2,"55":2,"56":1,"57":1,"58":1,"59":9,"60":1,"61":8,"62":2,"63":2,"64":2,"65":6,"66":2,"67":2,"68":2,"69":4,"70":2,"71":2,"72":2,"73":2,"74":2,"75":1,"76":1},"f":{"0":1,"1":0,"2":0,"3":0,"4":2,"5":0,"6":3,"7":9},"b":{"0":[0,0],"1":[0,0],"2":[0,0],"3":[0,0],"4":[2,0],"5":[2,0],"6":[2,0],"7":[0,0],"8":[0,0],"9":[2,1],"10":[3,2],"11":[1,1],"12":[1,8],"13":[2,6],"14":[8,7],"15":[2,4],"16":[6,5],"17":[2,2],"18":[4,3],"19":[1,1],"20":[2,1]},"_coverageSchema":"1a1c01bbd47fc00a2c39e90264f33305004495a9","hash":"454438402b47214aab8fa1188cd95bcee17c1deb"}
,"/home/serk72/workspace/discord-wordle-bot/src/commands/MonthlyCommand.js": {"path":"/home/serk72/workspace/discord-wordle-bot/src/commands/MonthlyCommand.js","statementMap":{"0":{"start":{"line":1,"column":30},"end":{"line":1,"column":51}},"1":{"start":{"line":2,"column":19},"end":{"line":2,"column":41}},"2":{"start":{"line":3,"column":15},"end":{"line":3,"column":32}},"3":{"start":{"line":4,"column":16},"end":{"line":4,"column":40}},"4":{"start":{"line":6,"column":25},"end":{"line":6,"column":52}},"5":{"start":{"line":7,"column":23},"end":{"line":7,"column":50}},"6":{"start":{"line":13,"column":16},"end":{"line":15,"column":61}},"7":{"start":{"line":21,"column":4},"end":{"line":21,"column":43}},"8":{"start":{"line":22,"column":4},"end":{"line":22,"column":53}},"9":{"start":{"line":23,"column":4},"end":{"line":23,"column":36}},"10":{"start":{"line":31,"column":29},"end":{"line":31,"column":75}},"11":{"start":{"line":32,"column":4},"end":{"line":39,"column":5}},"12":{"start":{"line":33,"column":6},"end":{"line":37,"column":7}},"13":{"start":{"line":34,"column":8},"end":{"line":34,"column":57}},"14":{"start":{"line":36,"column":8},"end":{"line":36,"column":70}},"15":{"start":{"line":38,"column":6},"end":{"line":38,"column":13}},"16":{"start":{"line":40,"column":25},"end":{"line":40,"column":101}},"17":{"start":{"line":41,"column":4},"end":{"line":41,"column":54}},"18":{"start":{"line":42,"column":4},"end":{"line":48,"column":7}},"19":{"start":{"line":43,"column":6},"end":{"line":47,"column":23}},"20":{"start":{"line":49,"column":26},"end":{"line":52,"column":50}},"21":{"start":{"line":54,"column":4},"end":{"line":58,"column":5}},"22":{"start":{"line":55,"column":6},"end":{"line":55,"column":45}},"23":{"start":{"line":57,"column":6},"end":{"line":57,"column":58}},"24":{"start":{"line":62,"column":0},"end":{"line":62,"column":32}}},"fnMap":{"0":{"name":"(anonymous_0)","decl":{"start":{"line":20,"column":2},"end":{"line":20,"column":3}},"loc":{"start":{"line":20,"column":36},"end":{"line":24,"column":3}},"line":20},"1":{"name":"(anonymous_1)","decl":{"start":{"line":30,"column":2},"end":{"line":30,"column":3}},"loc":{"start":{"line":30,"column":29},"end":{"line":59,"column":3}},"line":30},"2":{"name":"(anonymous_2)","decl":{"start":{"line":42,"column":29},"end":{"line":42,"column":30}},"loc":{"start":{"line":42,"column":38},"end":{"line":48,"column":5}},"line":42}},"branchMap":{"0":{"loc":{"start":{"line":32,"column":4},"end":{"line":39,"column":5}},"type":"if","locations":[{"start":{"line":32,"column":4},"end":{"line":39,"column":5}},{"start":{},"end":{}}],"line":32},"1":{"loc":{"start":{"line":33,"column":6},"end":{"line":37,"column":7}},"type":"if","locations":[{"start":{"line":33,"column":6},"end":{"line":37,"column":7}},{"start":{"line":35,"column":13},"end":{"line":37,"column":7}}],"line":33},"2":{"loc":{"start":{"line":44,"column":10},"end":{"line":44,"column":56}},"type":"binary-expr","locations":[{"start":{"line":44,"column":10},"end":{"line":44,"column":40}},{"start":{"line":44,"column":44},"end":{"line":44,"column":56}}],"line":44},"3":{"loc":{"start":{"line":51,"column":60},"end":{"line":51,"column":144}},"type":"binary-expr","locations":[{"start":{"line":51,"column":60},"end":{"line":51,"column":109}},{"start":{"line":51,"column":113},"end":{"line":51,"column":144}}],"line":51},"4":{"loc":{"start":{"line":52,"column":6},"end":{"line":52,"column":48}},"type":"cond-expr","locations":[{"start":{"line":52,"column":23},"end":{"line":52,"column":44}},{"start":{"line":52,"column":46},"end":{"line":52,"column":48}}],"line":52},"5":{"loc":{"start":{"line":54,"column":4},"end":{"line":58,"column":5}},"type":"if","locations":[{"start":{"line":54,"column":4},"end":{"line":58,"column":5}},{"start":{"line":56,"column":11},"end":{"line":58,"column":5}}],"line":54}},"s":{"0":1,"1":1,"2":1,"3":1,"4":1,"5":1,"6":1,"7":1,"8":1,"9":1,"10":4,"11":4,"12":2,"13":1,"14":1,"15":2,"16":2,"17":2,"18":2,"19":2,"20":2,"21":2,"22":1,"23":1,"24":1},"f":{"0":1,"1":4,"2":2},"b":{"0":[2,2],"1":[1,1],"2":[2,2],"3":[2,2],"4":[2,0],"5":[1,1]},"_coverageSchema":"1a1c01bbd47fc00a2c39e90264f33305004495a9","hash":"5bb57f3f9846dbba2b9d6f98fdb558605b5cbf05"}
,"/home/serk72/workspace/discord-wordle-bot/src/commands/SummaryCommand.js": {"path":"/home/serk72/workspace/discord-wordle-bot/src/commands/SummaryCommand.js","statementMap":{"0":{"start":{"line":1,"column":30},"end":{"line":1,"column":51}},"1":{"start":{"line":2,"column":16},"end":{"line":2,"column":40}},"2":{"start":{"line":3,"column":19},"end":{"line":3,"column":41}},"3":{"start":{"line":4,"column":15},"end":{"line":4,"column":32}},"4":{"start":{"line":6,"column":23},"end":{"line":6,"column":50}},"5":{"start":{"line":7,"column":25},"end":{"line":7,"column":52}},"6":{"start":{"line":13,"column":16},"end":{"line":15,"column":82}},"7":{"start":{"line":21,"column":4},"end":{"line":21,"column":43}},"8":{"start":{"line":22,"column":4},"end":{"line":22,"column":53}},"9":{"start":{"line":23,"column":4},"end":{"line":23,"column":36}},"10":{"start":{"line":31,"column":27},"end":{"line":31,"column":70}},"11":{"start":{"line":32,"column":24},"end":{"line":32,"column":70}},"12":{"start":{"line":33,"column":29},"end":{"line":33,"column":75}},"13":{"start":{"line":34,"column":26},"end":{"line":37,"column":10}},"14":{"start":{"line":35,"column":6},"end":{"line":35,"column":30}},"15":{"start":{"line":36,"column":6},"end":{"line":36,"column":17}},"16":{"start":{"line":38,"column":16},"end":{"line":38,"column":17}},"17":{"start":{"line":39,"column":22},"end":{"line":39,"column":23}},"18":{"start":{"line":40,"column":4},"end":{"line":43,"column":7}},"19":{"start":{"line":41,"column":6},"end":{"line":41,"column":31}},"20":{"start":{"line":42,"column":6},"end":{"line":42,"column":32}},"21":{"start":{"line":44,"column":27},"end":{"line":44,"column":46}},"22":{"start":{"line":45,"column":25},"end":{"line":45,"column":57}},"23":{"start":{"line":46,"column":4},"end":{"line":46,"column":55}},"24":{"start":{"line":47,"column":4},"end":{"line":64,"column":7}},"25":{"start":{"line":48,"column":25},"end":{"line":48,"column":35}},"26":{"start":{"line":49,"column":26},"end":{"line":53,"column":7}},"27":{"start":{"line":54,"column":6},"end":{"line":58,"column":7}},"28":{"start":{"line":55,"column":8},"end":{"line":55,"column":68}},"29":{"start":{"line":56,"column":8},"end":{"line":56,"column":66}},"30":{"start":{"line":57,"column":8},"end":{"line":57,"column":70}},"31":{"start":{"line":59,"column":6},"end":{"line":63,"column":31}},"32":{"start":{"line":66,"column":26},"end":{"line":72,"column":50}},"33":{"start":{"line":74,"column":4},"end":{"line":78,"column":5}},"34":{"start":{"line":75,"column":6},"end":{"line":75,"column":39}},"35":{"start":{"line":77,"column":6},"end":{"line":77,"column":58}},"36":{"start":{"line":82,"column":0},"end":{"line":82,"column":32}}},"fnMap":{"0":{"name":"(anonymous_0)","decl":{"start":{"line":20,"column":2},"end":{"line":20,"column":3}},"loc":{"start":{"line":20,"column":36},"end":{"line":24,"column":3}},"line":20},"1":{"name":"(anonymous_1)","decl":{"start":{"line":30,"column":2},"end":{"line":30,"column":3}},"loc":{"start":{"line":30,"column":29},"end":{"line":79,"column":3}},"line":30},"2":{"name":"(anonymous_2)","decl":{"start":{"line":34,"column":45},"end":{"line":34,"column":46}},"loc":{"start":{"line":34,"column":59},"end":{"line":37,"column":5}},"line":34},"3":{"name":"(anonymous_3)","decl":{"start":{"line":40,"column":27},"end":{"line":40,"column":28}},"loc":{"start":{"line":40,"column":36},"end":{"line":43,"column":5}},"line":40},"4":{"name":"(anonymous_4)","decl":{"start":{"line":47,"column":27},"end":{"line":47,"column":28}},"loc":{"start":{"line":47,"column":36},"end":{"line":64,"column":5}},"line":47}},"branchMap":{"0":{"loc":{"start":{"line":54,"column":6},"end":{"line":58,"column":7}},"type":"if","locations":[{"start":{"line":54,"column":6},"end":{"line":58,"column":7}},{"start":{},"end":{}}],"line":54},"1":{"loc":{"start":{"line":60,"column":10},"end":{"line":60,"column":56}},"type":"binary-expr","locations":[{"start":{"line":60,"column":10},"end":{"line":60,"column":40}},{"start":{"line":60,"column":44},"end":{"line":60,"column":56}}],"line":60},"2":{"loc":{"start":{"line":68,"column":25},"end":{"line":68,"column":99}},"type":"binary-expr","locations":[{"start":{"line":68,"column":25},"end":{"line":68,"column":69}},{"start":{"line":68,"column":73},"end":{"line":68,"column":99}}],"line":68},"3":{"loc":{"start":{"line":69,"column":22},"end":{"line":69,"column":90}},"type":"binary-expr","locations":[{"start":{"line":69,"column":22},"end":{"line":69,"column":63}},{"start":{"line":69,"column":67},"end":{"line":69,"column":90}}],"line":69},"4":{"loc":{"start":{"line":70,"column":60},"end":{"line":70,"column":144}},"type":"binary-expr","locations":[{"start":{"line":70,"column":60},"end":{"line":70,"column":109}},{"start":{"line":70,"column":113},"end":{"line":70,"column":144}}],"line":70},"5":{"loc":{"start":{"line":72,"column":6},"end":{"line":72,"column":48}},"type":"cond-expr","locations":[{"start":{"line":72,"column":23},"end":{"line":72,"column":44}},{"start":{"line":72,"column":46},"end":{"line":72,"column":48}}],"line":72},"6":{"loc":{"start":{"line":74,"column":4},"end":{"line":78,"column":5}},"type":"if","locations":[{"start":{"line":74,"column":4},"end":{"line":78,"column":5}},{"start":{"line":76,"column":11},"end":{"line":78,"column":5}}],"line":74}},"s":{"0":1,"1":1,"2":1,"3":1,"4":1,"5":1,"6":1,"7":1,"8":1,"9":1,"10":2,"11":2,"12":2,"13":2,"14":2,"15":2,"16":2,"17":2,"18":2,"19":2,"20":2,"21":2,"22":2,"23":2,"24":2,"25":2,"26":2,"27":2,"28":2,"29":2,"30":2,"31":2,"32":2,"33":2,"34":1,"35":1,"36":1},"f":{"0":1,"1":2,"2":2,"3":2,"4":2},"b":{"0":[2,0],"1":[2,2],"2":[2,2],"3":[2,2],"4":[2,2],"5":[2,0],"6":[1,1]},"_coverageSchema":"1a1c01bbd47fc00a2c39e90264f33305004495a9","hash":"05dc290f8cf38aed35b5769fc70df01ee3ad7e86"}
,"/home/serk72/workspace/discord-wordle-bot/src/commands/WhoLeftCommand.js": {"path":"/home/serk72/workspace/discord-wordle-bot/src/commands/WhoLeftCommand.js","statementMap":{"0":{"start":{"line":1,"column":44},"end":{"line":1,"column":65}},"1":{"start":{"line":2,"column":21},"end":{"line":2,"column":50}},"2":{"start":{"line":3,"column":16},"end":{"line":3,"column":40}},"3":{"start":{"line":4,"column":15},"end":{"line":4,"column":32}},"4":{"start":{"line":6,"column":24},"end":{"line":6,"column":52}},"5":{"start":{"line":7,"column":23},"end":{"line":7,"column":50}},"6":{"start":{"line":13,"column":16},"end":{"line":15,"column":84}},"7":{"start":{"line":21,"column":4},"end":{"line":21,"column":47}},"8":{"start":{"line":22,"column":4},"end":{"line":22,"column":43}},"9":{"start":{"line":23,"column":4},"end":{"line":23,"column":53}},"10":{"start":{"line":24,"column":4},"end":{"line":24,"column":36}},"11":{"start":{"line":33,"column":23},"end":{"line":33,"column":60}},"12":{"start":{"line":34,"column":24},"end":{"line":34,"column":64}},"13":{"start":{"line":35,"column":24},"end":{"line":35,"column":76}},"14":{"start":{"line":37,"column":4},"end":{"line":78,"column":5}},"15":{"start":{"line":38,"column":6},"end":{"line":40,"column":31}},"16":{"start":{"line":41,"column":6},"end":{"line":41,"column":40}},"17":{"start":{"line":43,"column":6},"end":{"line":58,"column":7}},"18":{"start":{"line":44,"column":26},"end":{"line":44,"column":87}},"19":{"start":{"line":44,"column":57},"end":{"line":44,"column":86}},"20":{"start":{"line":45,"column":8},"end":{"line":53,"column":9}},"21":{"start":{"line":46,"column":10},"end":{"line":48,"column":35}},"22":{"start":{"line":50,"column":10},"end":{"line":52,"column":35}},"23":{"start":{"line":55,"column":8},"end":{"line":57,"column":33}},"24":{"start":{"line":59,"column":6},"end":{"line":74,"column":9}},"25":{"start":{"line":59,"column":37},"end":{"line":59,"column":66}},"26":{"start":{"line":60,"column":8},"end":{"line":73,"column":9}},"27":{"start":{"line":61,"column":33},"end":{"line":67,"column":11}},"28":{"start":{"line":68,"column":30},"end":{"line":68,"column":59}},"29":{"start":{"line":70,"column":10},"end":{"line":70,"column":83}},"30":{"start":{"line":72,"column":10},"end":{"line":72,"column":96}},"31":{"start":{"line":75,"column":6},"end":{"line":77,"column":7}},"32":{"start":{"line":76,"column":8},"end":{"line":76,"column":49}},"33":{"start":{"line":79,"column":4},"end":{"line":83,"column":5}},"34":{"start":{"line":80,"column":6},"end":{"line":80,"column":43}},"35":{"start":{"line":82,"column":6},"end":{"line":82,"column":62}},"36":{"start":{"line":87,"column":0},"end":{"line":87,"column":32}}},"fnMap":{"0":{"name":"(anonymous_0)","decl":{"start":{"line":20,"column":2},"end":{"line":20,"column":3}},"loc":{"start":{"line":20,"column":36},"end":{"line":25,"column":3}},"line":20},"1":{"name":"(anonymous_1)","decl":{"start":{"line":32,"column":2},"end":{"line":32,"column":3}},"loc":{"start":{"line":32,"column":29},"end":{"line":84,"column":3}},"line":32},"2":{"name":"(anonymous_2)","decl":{"start":{"line":44,"column":45},"end":{"line":44,"column":46}},"loc":{"start":{"line":44,"column":57},"end":{"line":44,"column":86}},"line":44},"3":{"name":"(anonymous_3)","decl":{"start":{"line":59,"column":25},"end":{"line":59,"column":26}},"loc":{"start":{"line":59,"column":37},"end":{"line":59,"column":66}},"line":59},"4":{"name":"(anonymous_4)","decl":{"start":{"line":59,"column":76},"end":{"line":59,"column":77}},"loc":{"start":{"line":59,"column":88},"end":{"line":74,"column":7}},"line":59}},"branchMap":{"0":{"loc":{"start":{"line":37,"column":4},"end":{"line":78,"column":5}},"type":"if","locations":[{"start":{"line":37,"column":4},"end":{"line":78,"column":5}},{"start":{"line":42,"column":11},"end":{"line":78,"column":5}}],"line":37},"1":{"loc":{"start":{"line":43,"column":6},"end":{"line":58,"column":7}},"type":"if","locations":[{"start":{"line":43,"column":6},"end":{"line":58,"column":7}},{"start":{"line":54,"column":13},"end":{"line":58,"column":7}}],"line":43},"2":{"loc":{"start":{"line":45,"column":8},"end":{"line":53,"column":9}},"type":"if","locations":[{"start":{"line":45,"column":8},"end":{"line":53,"column":9}},{"start":{"line":49,"column":15},"end":{"line":53,"column":9}}],"line":45},"3":{"loc":{"start":{"line":60,"column":8},"end":{"line":73,"column":9}},"type":"if","locations":[{"start":{"line":60,"column":8},"end":{"line":73,"column":9}},{"start":{"line":71,"column":15},"end":{"line":73,"column":9}}],"line":60},"4":{"loc":{"start":{"line":75,"column":6},"end":{"line":77,"column":7}},"type":"if","locations":[{"start":{"line":75,"column":6},"end":{"line":77,"column":7}},{"start":{},"end":{}}],"line":75},"5":{"loc":{"start":{"line":79,"column":4},"end":{"line":83,"column":5}},"type":"if","locations":[{"start":{"line":79,"column":4},"end":{"line":83,"column":5}},{"start":{"line":81,"column":11},"end":{"line":83,"column":5}}],"line":79}},"s":{"0":1,"1":1,"2":1,"3":1,"4":1,"5":1,"6":1,"7":1,"8":1,"9":1,"10":1,"11":5,"12":5,"13":5,"14":5,"15":2,"16":2,"17":3,"18":2,"19":2,"20":2,"21":1,"22":1,"23":1,"24":3,"25":4,"26":4,"27":1,"28":1,"29":1,"30":3,"31":3,"32":3,"33":5,"34":1,"35":4,"36":1},"f":{"0":1,"1":5,"2":2,"3":4,"4":4},"b":{"0":[2,3],"1":[2,1],"2":[1,1],"3":[1,3],"4":[3,0],"5":[1,4]},"_coverageSchema":"1a1c01bbd47fc00a2c39e90264f33305004495a9","hash":"439b86bc347e8b607ff047978c92d0687625eb65"}
}
