TN:
SF:src/WordleBotClient.js
FN:20,(anonymous_0)
FN:33,(anonymous_1)
FN:37,(anonymous_2)
FN:40,(anonymous_3)
FN:61,(anonymous_4)
FN:78,(anonymous_5)
FN:93,(anonymous_6)
FN:115,(anonymous_7)
FNF:8
FNH:4
FNDA:1,(anonymous_0)
FNDA:0,(anonymous_1)
FNDA:0,(anonymous_2)
FNDA:0,(anonymous_3)
FNDA:2,(anonymous_4)
FNDA:0,(anonymous_5)
FNDA:3,(anonymous_6)
FNDA:9,(anonymous_7)
DA:1,1
DA:2,1
DA:3,1
DA:6,1
DA:7,1
DA:8,1
DA:21,1
DA:22,1
DA:23,1
DA:24,1
DA:25,1
DA:26,1
DA:34,0
DA:35,0
DA:36,0
DA:37,0
DA:38,0
DA:40,0
DA:41,0
DA:42,0
DA:43,0
DA:44,0
DA:45,0
DA:47,0
DA:48,0
DA:51,0
DA:52,0
DA:62,2
DA:63,2
DA:64,2
DA:65,2
DA:67,2
DA:68,2
DA:71,2
DA:72,2
DA:75,2
DA:76,2
DA:77,2
DA:78,2
DA:79,2
DA:80,2
DA:81,2
DA:82,0
DA:83,0
DA:84,0
DA:94,3
DA:95,3
DA:96,3
DA:97,3
DA:98,3
DA:99,2
DA:100,2
DA:101,2
DA:102,2
DA:103,1
DA:105,1
DA:106,1
DA:116,9
DA:117,1
DA:119,8
DA:120,2
DA:121,2
DA:122,2
DA:124,6
DA:125,2
DA:126,2
DA:127,2
DA:129,4
DA:130,2
DA:131,2
DA:132,2
DA:134,2
DA:135,2
DA:136,1
DA:141,1
LF:75
LH:57
BRDA:42,0,0,0
BRDA:42,0,1,0
BRDA:42,1,0,0
BRDA:42,1,1,0
BRDA:47,2,0,0
BRDA:47,2,1,0
BRDA:51,3,0,0
BRDA:51,3,1,0
BRDA:67,4,0,2
BRDA:67,4,1,0
BRDA:71,5,0,2
BRDA:71,5,1,0
BRDA:80,6,0,2
BRDA:80,6,1,0
BRDA:82,7,0,0
BRDA:82,7,1,0
BRDA:83,8,0,0
BRDA:83,8,1,0
BRDA:98,9,0,2
BRDA:98,9,1,1
BRDA:98,10,0,3
BRDA:98,10,1,2
BRDA:102,11,0,1
BRDA:102,11,1,1
BRDA:116,12,0,1
BRDA:116,12,1,8
BRDA:119,13,0,2
BRDA:119,13,1,6
BRDA:119,14,0,8
BRDA:119,14,1,7
BRDA:124,15,0,2
BRDA:124,15,1,4
BRDA:124,16,0,6
BRDA:124,16,1,5
BRDA:129,17,0,2
BRDA:129,17,1,2
BRDA:129,18,0,4
BRDA:129,18,1,3
BRDA:135,19,0,1
BRDA:135,19,1,1
BRDA:135,20,0,2
BRDA:135,20,1,1
BRF:42
BRH:27
end_of_record
TN:
SF:src/commands/MonthlyCommand.js
FN:20,(anonymous_0)
FN:30,(anonymous_1)
FN:42,(anonymous_2)
FNF:3
FNH:3
FNDA:1,(anonymous_0)
FNDA:4,(anonymous_1)
FNDA:2,(anonymous_2)
DA:1,1
DA:2,1
DA:3,1
DA:4,1
DA:6,1
DA:7,1
DA:13,1
DA:21,1
DA:22,1
DA:23,1
DA:31,4
DA:32,4
DA:33,2
DA:34,1
DA:36,1
DA:38,2
DA:40,2
DA:41,2
DA:42,2
DA:43,2
DA:49,2
DA:54,2
DA:55,1
DA:57,1
DA:62,1
LF:25
LH:25
BRDA:32,0,0,2
BRDA:32,0,1,2
BRDA:33,1,0,1
BRDA:33,1,1,1
BRDA:44,2,0,2
BRDA:44,2,1,2
BRDA:51,3,0,2
BRDA:51,3,1,2
BRDA:52,4,0,2
BRDA:52,4,1,0
BRDA:54,5,0,1
BRDA:54,5,1,1
BRF:12
BRH:11
end_of_record
TN:
SF:src/commands/SummaryCommand.js
FN:20,(anonymous_0)
FN:30,(anonymous_1)
FN:34,(anonymous_2)
FN:40,(anonymous_3)
FN:47,(anonymous_4)
FNF:5
FNH:5
FNDA:1,(anonymous_0)
FNDA:2,(anonymous_1)
FNDA:2,(anonymous_2)
FNDA:2,(anonymous_3)
FNDA:2,(anonymous_4)
DA:1,1
DA:2,1
DA:3,1
DA:4,1
DA:6,1
DA:7,1
DA:13,1
DA:21,1
DA:22,1
DA:23,1
DA:31,2
DA:32,2
DA:33,2
DA:34,2
DA:35,2
DA:36,2
DA:38,2
DA:39,2
DA:40,2
DA:41,2
DA:42,2
DA:44,2
DA:45,2
DA:46,2
DA:47,2
DA:48,2
DA:49,2
DA:54,2
DA:55,2
DA:56,2
DA:57,2
DA:59,2
DA:66,2
DA:74,2
DA:75,1
DA:77,1
DA:82,1
LF:37
LH:37
BRDA:54,0,0,2
BRDA:54,0,1,0
BRDA:60,1,0,2
BRDA:60,1,1,2
BRDA:68,2,0,2
BRDA:68,2,1,2
BRDA:69,3,0,2
BRDA:69,3,1,2
BRDA:70,4,0,2
BRDA:70,4,1,2
BRDA:72,5,0,2
BRDA:72,5,1,0
BRDA:74,6,0,1
BRDA:74,6,1,1
BRF:14
BRH:12
end_of_record
TN:
SF:src/commands/WhoLeftCommand.js
FN:20,(anonymous_0)
FN:32,(anonymous_1)
FN:44,(anonymous_2)
FN:59,(anonymous_3)
FN:59,(anonymous_4)
FNF:5
FNH:5
FNDA:1,(anonymous_0)
FNDA:5,(anonymous_1)
FNDA:2,(anonymous_2)
FNDA:4,(anonymous_3)
FNDA:4,(anonymous_4)
DA:1,1
DA:2,1
DA:3,1
DA:4,1
DA:6,1
DA:7,1
DA:13,1
DA:21,1
DA:22,1
DA:23,1
DA:24,1
DA:33,5
DA:34,5
DA:35,5
DA:37,5
DA:38,2
DA:41,2
DA:43,3
DA:44,2
DA:45,2
DA:46,1
DA:50,1
DA:55,1
DA:59,4
DA:60,4
DA:61,1
DA:68,1
DA:70,1
DA:72,3
DA:75,3
DA:76,3
DA:79,5
DA:80,1
DA:82,4
DA:87,1
LF:35
LH:35
BRDA:37,0,0,2
BRDA:37,0,1,3
BRDA:43,1,0,2
BRDA:43,1,1,1
BRDA:45,2,0,1
BRDA:45,2,1,1
BRDA:60,3,0,1
BRDA:60,3,1,3
BRDA:75,4,0,3
BRDA:75,4,1,0
BRDA:79,5,0,1
BRDA:79,5,1,4
BRF:12
BRH:11
end_of_record
